<?xml version="1.0" encoding="UTF-8"?>
<testsuite xmlns:xsi="http://www.w3.org/2001/XMLSchema-instance" xsi:noNamespaceSchemaLocation="https://maven.apache.org/surefire/maven-surefire-plugin/xsd/surefire-test-report-3.0.xsd" version="3.0" name="com.remigiusz.basicfractions.model.FractionsTests" time="0.213" tests="30" errors="0" skipped="0" failures="0">
  <properties>
    <property name="netbeans.deploy" value="true"/>
    <property name="java.specification.version" value="17"/>
    <property name="sun.cpu.isalist" value="amd64"/>
    <property name="sun.jnu.encoding" value="Cp1250"/>
    <property name="java.class.path" value="B:\java\serwer\target\test-classes;B:\java\serwer\target\classes;C:\Users\remig\.m2\repository\jakarta\platform\jakarta.jakartaee-api\8.0.0\jakarta.jakartaee-api-8.0.0.jar;C:\Users\remig\.m2\repository\org\junit\jupiter\junit-jupiter-params\5.6.0\junit-jupiter-params-5.6.0.jar;C:\Users\remig\.m2\repository\org\apiguardian\apiguardian-api\1.1.0\apiguardian-api-1.1.0.jar;C:\Users\remig\.m2\repository\org\junit\jupiter\junit-jupiter-api\5.6.0\junit-jupiter-api-5.6.0.jar;C:\Users\remig\.m2\repository\org\opentest4j\opentest4j\1.2.0\opentest4j-1.2.0.jar;C:\Users\remig\.m2\repository\org\junit\platform\junit-platform-commons\1.6.0\junit-platform-commons-1.6.0.jar;C:\Users\remig\.m2\repository\org\apache\derbyclient\derby-client\10.14.2.0\derby-client-10.14.2.0.jar;"/>
    <property name="java.vm.vendor" value="Oracle Corporation"/>
    <property name="sun.arch.data.model" value="64"/>
    <property name="user.variant" value=""/>
    <property name="exec.appArgs" value=""/>
    <property name="java.vendor.url" value="https://java.oracle.com/"/>
    <property name="user.timezone" value="Europe/Warsaw"/>
    <property name="os.name" value="Windows 10"/>
    <property name="java.vm.specification.version" value="17"/>
    <property name="user.country" value="PL"/>
    <property name="sun.java.launcher" value="SUN_STANDARD"/>
    <property name="sun.boot.library.path" value="C:\Program Files\Java\jdk-17\bin"/>
    <property name="sun.java.command" value="C:\Users\remig\AppData\Local\Temp\surefire16849460209152181118\surefirebooter-20240204220036323_3.jar C:\Users\remig\AppData\Local\Temp\surefire16849460209152181118 2024-02-04T22-00-36_079-jvmRun1 surefire-20240204220036323_1tmp surefire_0-20240204220036323_2tmp"/>
    <property name="jdk.debug" value="release"/>
    <property name="exec.vmArgs" value=""/>
    <property name="surefire.test.class.path" value="B:\java\serwer\target\test-classes;B:\java\serwer\target\classes;C:\Users\remig\.m2\repository\jakarta\platform\jakarta.jakartaee-api\8.0.0\jakarta.jakartaee-api-8.0.0.jar;C:\Users\remig\.m2\repository\org\junit\jupiter\junit-jupiter-params\5.6.0\junit-jupiter-params-5.6.0.jar;C:\Users\remig\.m2\repository\org\apiguardian\apiguardian-api\1.1.0\apiguardian-api-1.1.0.jar;C:\Users\remig\.m2\repository\org\junit\jupiter\junit-jupiter-api\5.6.0\junit-jupiter-api-5.6.0.jar;C:\Users\remig\.m2\repository\org\opentest4j\opentest4j\1.2.0\opentest4j-1.2.0.jar;C:\Users\remig\.m2\repository\org\junit\platform\junit-platform-commons\1.6.0\junit-platform-commons-1.6.0.jar;C:\Users\remig\.m2\repository\org\apache\derbyclient\derby-client\10.14.2.0\derby-client-10.14.2.0.jar;"/>
    <property name="sun.cpu.endian" value="little"/>
    <property name="user.home" value="C:\Users\remig"/>
    <property name="user.language" value="pl"/>
    <property name="java.specification.vendor" value="Oracle Corporation"/>
    <property name="java.version.date" value="2023-10-17"/>
    <property name="java.home" value="C:\Program Files\Java\jdk-17"/>
    <property name="file.separator" value="\"/>
    <property name="basedir" value="B:\java\serwer"/>
    <property name="java.vm.compressedOopsMode" value="Zero based"/>
    <property name="line.separator" value="&#10;"/>
    <property name="java.vm.specification.vendor" value="Oracle Corporation"/>
    <property name="java.specification.name" value="Java Platform API Specification"/>
    <property name="surefire.real.class.path" value="C:\Users\remig\AppData\Local\Temp\surefire16849460209152181118\surefirebooter-20240204220036323_3.jar"/>
    <property name="user.script" value=""/>
    <property name="sun.management.compiler" value="HotSpot 64-Bit Tiered Compilers"/>
    <property name="java.runtime.version" value="17.0.9+11-LTS-201"/>
    <property name="user.name" value="remig"/>
    <property name="path.separator" value=";"/>
    <property name="os.version" value="10.0"/>
    <property name="java.runtime.name" value="Java(TM) SE Runtime Environment"/>
    <property name="file.encoding" value="UTF-8"/>
    <property name="java.vm.name" value="Java HotSpot(TM) 64-Bit Server VM"/>
    <property name="maven.ext.class.path" value="A:\netbeans\NetBeans-18\netbeans\java\maven-nblib\netbeans-eventspy.jar"/>
    <property name="localRepository" value="C:\Users\remig\.m2\repository"/>
    <property name="java.vendor.url.bug" value="https://bugreport.java.com/bugreport/"/>
    <property name="java.io.tmpdir" value="C:\Users\remig\AppData\Local\Temp\"/>
    <property name="java.version" value="17.0.9"/>
    <property name="user.dir" value="B:\java\serwer"/>
    <property name="os.arch" value="amd64"/>
    <property name="java.vm.specification.name" value="Java Virtual Machine Specification"/>
    <property name="sun.os.patch.level" value=""/>
    <property name="native.encoding" value="Cp1250"/>
    <property name="java.library.path" value="C:\Program Files\Java\jdk-17\bin;C:\WINDOWS\Sun\Java\bin;C:\WINDOWS\system32;C:\WINDOWS;C:\Program Files\Common Files\Oracle\Java\javapath;C:\Program Files (x86)\Razer Chroma SDK\bin;C:\Program Files\Razer Chroma SDK\bin;C:\Program Files (x86)\Razer\ChromaBroadcast\bin;C:\Program Files\Razer\ChromaBroadcast\bin;C:\Program Files\Java\jdk1.8.0_201\bin;C:\WINDOWS\system32\config\systemprofile\AppData\Local\Microsoft\WindowsApps;C:\Program Files\NVIDIA Corporation\NVIDIA NvDLISR;C:\Program Files (x86)\NVIDIA Corporation\PhysX\Common;C:\Program Files\Java\jdk-17\bin;C:\Program Files\Common Files\Oracle\Java\javapath;B:\git\Git\cmd;C:\Program Files\Docker\Docker\resources\bin;C:\Users\remig\AppData\Local\Microsoft\WindowsApps;."/>
    <property name="java.vm.info" value="mixed mode, sharing"/>
    <property name="java.vendor" value="Oracle Corporation"/>
    <property name="java.vm.version" value="17.0.9+11-LTS-201"/>
    <property name="sun.io.unicode.encoding" value="UnicodeLittle"/>
    <property name="java.class.version" value="61.0"/>
  </properties>
  <testcase name="testEmptyValue(String)[1]" classname="com.remigiusz.basicfractions.model.FractionsTests" time="0.055"/>
  <testcase name="testFractionDivision(String, String)[1]" classname="com.remigiusz.basicfractions.model.FractionsTests" time="0.004"/>
  <testcase name="testFractionDivision(String, String)[2]" classname="com.remigiusz.basicfractions.model.FractionsTests" time="0.001"/>
  <testcase name="testFractionDivision(String, String)[3]" classname="com.remigiusz.basicfractions.model.FractionsTests" time="0.001"/>
  <testcase name="testFractionDivision(String, String)[4]" classname="com.remigiusz.basicfractions.model.FractionsTests" time="0.001"/>
  <testcase name="testFractionDivision(String, String)[5]" classname="com.remigiusz.basicfractions.model.FractionsTests" time="0.001"/>
  <testcase name="testInvalidDivisionByZero(String, String)[1]" classname="com.remigiusz.basicfractions.model.FractionsTests" time="0.001"/>
  <testcase name="testInvalidDivisionByZero(String, String)[2]" classname="com.remigiusz.basicfractions.model.FractionsTests" time="0.001"/>
  <testcase name="testFractionSubtraction(String, String)[1]" classname="com.remigiusz.basicfractions.model.FractionsTests" time="0"/>
  <testcase name="testFractionSubtraction(String, String)[2]" classname="com.remigiusz.basicfractions.model.FractionsTests" time="0"/>
  <testcase name="testFractionSubtraction(String, String)[3]" classname="com.remigiusz.basicfractions.model.FractionsTests" time="0.001"/>
  <testcase name="testFractionSubtraction(String, String)[4]" classname="com.remigiusz.basicfractions.model.FractionsTests" time="0.002"/>
  <testcase name="testFractionSubtraction(String, String)[5]" classname="com.remigiusz.basicfractions.model.FractionsTests" time="0"/>
  <testcase name="testFractionMultiplication(String, String)[1]" classname="com.remigiusz.basicfractions.model.FractionsTests" time="0.003"/>
  <testcase name="testFractionMultiplication(String, String)[2]" classname="com.remigiusz.basicfractions.model.FractionsTests" time="0.001"/>
  <testcase name="testFractionMultiplication(String, String)[3]" classname="com.remigiusz.basicfractions.model.FractionsTests" time="0"/>
  <testcase name="testFractionMultiplication(String, String)[4]" classname="com.remigiusz.basicfractions.model.FractionsTests" time="0.001"/>
  <testcase name="testFractionMultiplication(String, String)[5]" classname="com.remigiusz.basicfractions.model.FractionsTests" time="0.001"/>
  <testcase name="testFractionAddition(String, String)[1]" classname="com.remigiusz.basicfractions.model.FractionsTests" time="0.003"/>
  <testcase name="testFractionAddition(String, String)[2]" classname="com.remigiusz.basicfractions.model.FractionsTests" time="0.001"/>
  <testcase name="testFractionAddition(String, String)[3]" classname="com.remigiusz.basicfractions.model.FractionsTests" time="0"/>
  <testcase name="testFractionAddition(String, String)[4]" classname="com.remigiusz.basicfractions.model.FractionsTests" time="0"/>
  <testcase name="testFractionAddition(String, String)[5]" classname="com.remigiusz.basicfractions.model.FractionsTests" time="0.001"/>
  <testcase name="testInvalidValueException(String)[1]" classname="com.remigiusz.basicfractions.model.FractionsTests" time="0.001"/>
  <testcase name="testInvalidValueException(String)[2]" classname="com.remigiusz.basicfractions.model.FractionsTests" time="0.001"/>
  <testcase name="testInvalidValueException(String)[3]" classname="com.remigiusz.basicfractions.model.FractionsTests" time="0.001"/>
  <testcase name="testInvalidValueException(String)[4]" classname="com.remigiusz.basicfractions.model.FractionsTests" time="0"/>
  <testcase name="testInvalidValueException(String)[5]" classname="com.remigiusz.basicfractions.model.FractionsTests" time="0"/>
  <testcase name="testInvalidValueException(String)[6]" classname="com.remigiusz.basicfractions.model.FractionsTests" time="0"/>
  <testcase name="testNullValue(String)[1]" classname="com.remigiusz.basicfractions.model.FractionsTests" time="0.001"/>
</testsuite>